*** Using Compiler 'V6.21', folder: 'D:\keil_v5\ARM\ARMCLANG\Bin'
Build target 'Target 1'
compiling bsp_led.c...
compiling bsp_pwm.c...
compiling gd32f4xx_it.c...
compiling bsp_usart.c...
compiling systick.c...
compiling bsp_key.c...
compiling main.c...
compiling motor.c...
compiling bsp_basic_timer.c...
compiling bsp_dma.c...
compiling gd32f4xx_misc.c...
compiling gd32f4xx_gpio.c...
compiling mpu6050.c...
compiling gd32f4xx_rcu.c...
compiling gd32f4xx_exti.c...
compiling gd32f4xx_adc.c...
compiling gd32f4xx_dma.c...
compiling gd32f4xx_i2c.c...
compiling gd32f4xx_spi.c...
compiling gd32f4xx_usart.c...
compiling gd32f4xx_syscfg.c...
compiling gd32f4xx_timer.c...
compiling system_gd32f4xx.c...
linking...
Program Size: Code=6520 RO-data=496 RW-data=8 ZI-data=5136  
FromELF: creating hex file...
".\Objects\Template.axf" - 0 Error(s), 0 Warning(s).
Build Time Elapsed:  00:00:03
